<?xml version="1.0" encoding="UTF-8"?>
<!-- Generated by org.testng.reporters.JUnitXMLReporter -->
<testsuite hostname="Sourabh" ignored="1" name="incorrectusername" tests="1" failures="0" timestamp="2021-07-17T20:25:05 UTC" time="15.555" errors="0">
  <testcase name="negativeLoginTest" time="8.809" classname="com.herokuapp.theinternet.LoginTest"/>
  <testcase name="loginTest1" time="0.0" classname="com.herokuapp.theinternet.LoginTest">
    <ignored/>
  </testcase> <!-- loginTest1 -->
</testsuite> <!-- incorrectusername -->
