<?xml version="1.0" encoding="UTF-8"?>
<!-- Generated by org.testng.reporters.JUnitXMLReporter -->
<testsuite hostname="Sourabh" ignored="0" name="NegativeTests" tests="3" failures="0" timestamp="2021-07-24T09:50:18 UTC" time="23.61" errors="0">
  <testcase name="incorrectUsername" time="4.346" classname="com.herokuapp.theinternet.NegativeTests"/>
  <testcase name="incorrectPassword" time="4.067" classname="com.herokuapp.theinternet.NegativeTests"/>
  <testcase name="negativeLoginTest" time="3.815" classname="com.herokuapp.theinternet.NegativeTests"/>
</testsuite> <!-- NegativeTests -->
