<?xml version="1.0" encoding="UTF-8"?>
<!-- Generated by org.testng.reporters.JUnitXMLReporter -->
<testsuite hostname="Sourabh" ignored="1" name="PostiveTests" tests="1" failures="0" timestamp="2021-07-17T20:24:35 UTC" time="12.81" errors="0">
  <testcase name="loginTest1" time="6.428" classname="com.herokuapp.theinternet.LoginTest"/>
  <testcase name="negativeLoginTest" time="0.0" classname="com.herokuapp.theinternet.LoginTest">
    <ignored/>
  </testcase> <!-- negativeLoginTest -->
</testsuite> <!-- PostiveTests -->
