<?xml version="1.0" encoding="UTF-8"?>
<!-- Generated by org.testng.reporters.JUnitXMLReporter -->
<testsuite hostname="Sourabh" ignored="2" name="GroupTests" tests="2" failures="0" timestamp="2021-07-20T18:08:41 UTC" time="20.258" errors="0">
  <testcase name="incorrectUsername" time="4.251" classname="com.herokuapp.theinternet.NegativeTests"/>
  <testcase name="loginTest" time="4.161" classname="com.herokuapp.theinternet.PostiveTests"/>
  <testcase name="negativeLoginTest" time="0.0" classname="com.herokuapp.theinternet.NegativeTests">
    <ignored/>
  </testcase> <!-- negativeLoginTest -->
  <testcase name="incorrectPassword" time="0.0" classname="com.herokuapp.theinternet.NegativeTests">
    <ignored/>
  </testcase> <!-- incorrectPassword -->
</testsuite> <!-- GroupTests -->
