<?xml version="1.0" encoding="UTF-8"?>
<!-- Generated by org.testng.reporters.JUnitXMLReporter -->
<testsuite hostname="Sourabh" ignored="2" name="NegativeTests" tests="1" failures="0" timestamp="2021-07-20T17:56:22 UTC" time="10.949" errors="0">
  <testcase name="incorrectPassword" time="4.43" classname="com.herokuapp.theinternet.NegativeTests"/>
  <testcase name="incorrectUsername" time="0.0" classname="com.herokuapp.theinternet.NegativeTests">
    <ignored/>
  </testcase> <!-- incorrectUsername -->
  <testcase name="negativeLoginTest" time="0.0" classname="com.herokuapp.theinternet.NegativeTests">
    <ignored/>
  </testcase> <!-- negativeLoginTest -->
</testsuite> <!-- NegativeTests -->
