<?xml version="1.0" encoding="UTF-8"?>
<!-- Generated by org.testng.reporters.JUnitXMLReporter -->
<testsuite hostname="Sourabh" ignored="2" name="incorrectpassword" tests="1" failures="0" timestamp="2021-07-20T18:48:36 UTC" time="12.395" errors="0">
  <testcase name="negativeLoginTest" time="4.123" classname="com.herokuapp.theinternet.NegativeTests"/>
  <testcase name="incorrectUsername" time="0.0" classname="com.herokuapp.theinternet.NegativeTests">
    <ignored/>
  </testcase> <!-- incorrectUsername -->
  <testcase name="incorrectPassword" time="0.0" classname="com.herokuapp.theinternet.NegativeTests">
    <ignored/>
  </testcase> <!-- incorrectPassword -->
</testsuite> <!-- incorrectpassword -->
